<?xml version="1.0" encoding="UTF-8"?>
<testng-results skipped="0" failed="0" total="1" passed="1">
  <reporter-output>
  </reporter-output>
  <suite name="Default suite" duration-ms="3748" started-at="2021-06-17T15:03:38Z" finished-at="2021-06-17T15:03:42Z">
    <groups>
    </groups>
    <test name="Default test" duration-ms="3748" started-at="2021-06-17T15:03:38Z" finished-at="2021-06-17T15:03:42Z">
      <class name="ecommerce.testing.testcases.TC_1_GetProduct">
        <test-method status="PASS" signature="initiating_TC_1_GetProduct()[pri:0, instance:ecommerce.testing.testcases.TC_1_GetProduct@2c9f9fb0]" name="initiating_TC_1_GetProduct" duration-ms="3723" started-at="2021-06-17T20:33:38Z" finished-at="2021-06-17T20:33:42Z">
          <reporter-output>
          </reporter-output>
        </test-method> <!-- initiating_TC_1_GetProduct -->
      </class> <!-- ecommerce.testing.testcases.TC_1_GetProduct -->
    </test> <!-- Default test -->
  </suite> <!-- Default suite -->
</testng-results>
